Build started 8/7/2020 1:11:39 AM.
     1>Project "C:\Users\ASUS\Desktop\Project Loon\Ghraphces  project\Ghraphces  project.vcxproj" on node 2 (Build target(s)).
     1>ClCompile:
         C:\Program Files (x86)\Microsoft Visual Studio 12.0\VC\bin\CL.exe /c /ZI /nologo /W3 /WX- /Od /Oy- /D _MBCS /Gm /EHsc /RTC1 /MDd /GS /fp:precise /Zc:wchar_t /Zc:forScope /Fo"Debug\\" /Fd"Debug\vc120.pdb" /Gd /TP /analyze- /errorReport:prompt ..\camera.cpp ..\convert_2_double.cpp ..\GLTexture.cpp ..\heightMap.cpp ..\math3d.cpp ..\Model_3DS.cpp ..\Template.cpp ..\texture.cpp
         texture.cpp
     1>c:\users\asus\desktop\project loon\texture.cpp(43): warning C4996: 'fopen': This function or variable may be unsafe. Consider using fopen_s instead. To disable deprecation, use _CRT_SECURE_NO_WARNINGS. See online help for details.
                 c:\program files (x86)\microsoft visual studio 12.0\vc\include\stdio.h(211) : see declaration of 'fopen'
         Template.cpp
         Model_3DS.cpp
     1>c:\users\asus\desktop\project loon\model_3ds.cpp(160): warning C4996: 'sprintf': This function or variable may be unsafe. Consider using sprintf_s instead. To disable deprecation, use _CRT_SECURE_NO_WARNINGS. See online help for details.
                 c:\program files (x86)\microsoft visual studio 12.0\vc\include\stdio.h(356) : see declaration of 'sprintf'
     1>c:\users\asus\desktop\project loon\model_3ds.cpp(182): warning C4996: 'strtok': This function or variable may be unsafe. Consider using strtok_s instead. To disable deprecation, use _CRT_SECURE_NO_WARNINGS. See online help for details.
                 c:\program files (x86)\microsoft visual studio 12.0\vc\include\string.h(204) : see declaration of 'strtok'
     1>c:\users\asus\desktop\project loon\model_3ds.cpp(212): warning C4996: 'fopen': This function or variable may be unsafe. Consider using fopen_s instead. To disable deprecation, use _CRT_SECURE_NO_WARNINGS. See online help for details.
                 c:\program files (x86)\microsoft visual studio 12.0\vc\include\stdio.h(211) : see declaration of 'fopen'
     1>c:\users\asus\desktop\project loon\model_3ds.cpp(891): warning C4996: 'sprintf': This function or variable may be unsafe. Consider using sprintf_s instead. To disable deprecation, use _CRT_SECURE_NO_WARNINGS. See online help for details.
                 c:\program files (x86)\microsoft visual studio 12.0\vc\include\stdio.h(356) : see declaration of 'sprintf'
         math3d.cpp
         heightMap.cpp
     1>c:\users\asus\desktop\project loon\heightmap.cpp(17): warning C4996: 'fopen': This function or variable may be unsafe. Consider using fopen_s instead. To disable deprecation, use _CRT_SECURE_NO_WARNINGS. See online help for details.
                 c:\program files (x86)\microsoft visual studio 12.0\vc\include\stdio.h(211) : see declaration of 'fopen'
     1>c:\users\asus\desktop\project loon\heightmap.cpp(10): warning C4101: 'i' : unreferenced local variable
         GLTexture.cpp
     1>c:\users\asus\desktop\project loon\gltexture.cpp(61): warning C4996: 'strlwr': The POSIX name for this item is deprecated. Instead, use the ISO C++ conformant name: _strlwr. See online help for details.
                 c:\program files (x86)\microsoft visual studio 12.0\vc\include\string.h(254) : see declaration of 'strlwr'
     1>c:\users\asus\desktop\project loon\gltexture.cpp(61): warning C4996: 'strdup': The POSIX name for this item is deprecated. Instead, use the ISO C++ conformant name: _strdup. See online help for details.
                 c:\program files (x86)\microsoft visual studio 12.0\vc\include\string.h(245) : see declaration of 'strdup'
     1>c:\users\asus\desktop\project loon\gltexture.cpp(65): warning C4996: 'strtok': This function or variable may be unsafe. Consider using strtok_s instead. To disable deprecation, use _CRT_SECURE_NO_WARNINGS. See online help for details.
                 c:\program files (x86)\microsoft visual studio 12.0\vc\include\string.h(204) : see declaration of 'strtok'
     1>c:\users\asus\desktop\project loon\gltexture.cpp(77): warning C4996: 'strlwr': The POSIX name for this item is deprecated. Instead, use the ISO C++ conformant name: _strlwr. See online help for details.
                 c:\program files (x86)\microsoft visual studio 12.0\vc\include\string.h(254) : see declaration of 'strlwr'
     1>c:\users\asus\desktop\project loon\gltexture.cpp(142): warning C4996: 'fopen': This function or variable may be unsafe. Consider using fopen_s instead. To disable deprecation, use _CRT_SECURE_NO_WARNINGS. See online help for details.
                 c:\program files (x86)\microsoft visual studio 12.0\vc\include\stdio.h(211) : see declaration of 'fopen'
         convert_2_double.cpp
     1>c:\users\asus\desktop\project loon\convert_2_double.cpp(51): warning C4244: 'initializing' : conversion from 'double' to 'int', possible loss of data
     1>c:\users\asus\desktop\project loon\convert_2_double.cpp(88): warning C4244: '=' : conversion from 'double' to 'int', possible loss of data
     1>c:\users\asus\desktop\project loon\convert_2_double.cpp(98): warning C4244: '=' : conversion from 'double' to 'int', possible loss of data
         camera.cpp
         Generating Code...
     1>c:\users\asus\desktop\project loon\heightmap.cpp(17): warning C4700: uninitialized local variable 'textureData' used
       Link:
         C:\Program Files (x86)\Microsoft Visual Studio 12.0\VC\bin\link.exe /ERRORREPORT:PROMPT /OUT:"C:\Users\ASUS\Desktop\Project Loon\Debug\Ghraphces  project.exe" /INCREMENTAL /NOLOGO kernel32.lib user32.lib gdi32.lib winspool.lib comdlg32.lib advapi32.lib shell32.lib ole32.lib oleaut32.lib uuid.lib odbc32.lib odbccp32.lib /MANIFEST /MANIFESTUAC:"level='asInvoker' uiAccess='false'" /manifest:embed /DEBUG /PDB:"C:\Users\ASUS\Desktop\Project Loon\Debug\Ghraphces  project.pdb" /TLBID:1 /DYNAMICBASE /NXCOMPAT /IMPLIB:"C:\Users\ASUS\Desktop\Project Loon\Debug\Ghraphces  project.lib" /MACHINE:X86 Debug\camera.obj
         Debug\convert_2_double.obj
         Debug\GLTexture.obj
         Debug\heightMap.obj
         Debug\math3d.obj
         Debug\Model_3DS.obj
         Debug\Template.obj
         Debug\texture.obj
         Ghraphces  project.vcxproj -> C:\Users\ASUS\Desktop\Project Loon\Debug\Ghraphces  project.exe
     1>Done Building Project "C:\Users\ASUS\Desktop\Project Loon\Ghraphces  project\Ghraphces  project.vcxproj" (Build target(s)).

Build succeeded.

Time Elapsed 00:00:04.69
